2025-07-03 19:12:08,889 - INFO - Starting visualization with excel_file: data/ebay_data.xlsx, output_dir: visualizations
2025-07-03 19:12:08,890 - INFO - Reading Excel file: data/ebay_data.xlsx
2025-07-03 19:12:12,464 - INFO - Loaded DataFrame with 10000 rows and columns: ['title', 'price', 'url', 'description', 'reviews', 'rating', 'location', 'units_sold']
2025-07-03 19:12:12,475 - INFO - Sample data (first 5 rows):
                                                                              title    price                                                                                                                                                                                                                                                                                                                                                                                                                                                                                                     url              description  reviews                                 rating                  location  units_sold
0                                                                      Shop on eBay   $20.00                                                                                                                                                                       https://ebay.com/itm/123456?itmmeta=012DEW30YG0MEEKND7NH&hash=item123546:g:acwAA9KNiJowH:sc:ShippingMethodStandard!95008!US!-1&itmprp=enc%3AbgepL1tlUHjMGCVfSTGJh%2BzsVKeJ3CQk7NizDI4BZeppuFnmyS6Ijyp8lh%2FnEw%2BWqO7uTV1Q6izE1R0T54aV8j71F4xlWfVcGft4%2FiOQhtqVXA1rW6M1atPARQRmhqUxtEPJKhKtSFgI%2Bvwlzb0GwVCtkp%3ABlBMUObkmabpYw                Brand New      NaN                                    NaN                       NaN         NaN
1                                                                      Shop on eBay   $20.00                                                                                                                                                                       https://ebay.com/itm/123456?itmmeta=012DEW30YG0MEEKND7NH&hash=item123546:g:acwAA9KNiJowH:sc:ShippingMethodStandard!95008!US!-1&itmprp=enc%3AbgepL1tlUHjMGCVfSTGJh%2BzsVKeJ3CQk7NizDI4BZeppuFnmyS6Ijyp8lh%2FnEw%2BWqO7uTV1Q6izE1R0T54aV8j71F4xlWfVcGft4%2FiOQhtqVXA1rW6M1atPARQRmhqUxtEPJKhKtSFgI%2Bvwlzb0GwVCtkp%3ABlBMUObkmabpYw                Brand New      NaN                                    NaN                       NaN         NaN
2       Lenovo IdeaPad 1 Intel, 4 GB RAM, 116 SSD, 14.6" Display , Gray - NO RETURN   $30.00              https://www.ebay.com/itm/388650608361?_skw=laptop&itmmeta=01JZ85GH2C8Y16S3PNV9XGNPVE&hash=item5a7d61a6e9:g:ZCAAAeSwul1oYogA&itmprp=enc%3AAQAKAAAA4FkggFvd1GGDu0w3yXCmi1diT6sTllHxlTGq9PdrgG5rKCCQ8bIHEkNqz8rm0bptD2qal4yDxHqLgMXNojjkER%2BnFPDobpZtVVo9F7vrF7T83ooyjz3JwOtep6GhoQsd98OLBxY93bv60fvbtDEw1APx9AuvAxv1d1O2xGA9ss0r7uDDb375Ekxrn2NohQiZbD5fiDvoudaRCnMyHd2e9kF2AXeT3EAcaT17%2BKKdndYjmKeLviomuqxpFNLKJDoQTdv6sBMpgZC%2FLL2PtxvpojphNPgRuKX%2BNFwj2m6Bx0tL%7Ctkp%3ABFBMzJHChfpl       Pre-Owned ¡¤ Lenovo      NaN                  sambasaturne (3) 100%  Located in United States         NaN
3   HP EliteBook 840 G3 Laptop PC 14" HD Intel Core i5 8GB RAM 256GB SSD Windows 10  $149.26  https://www.ebay.com/itm/254654754368?_skw=laptop&itmmeta=01JZ85GH2C3JJ574WJJR8SJ2XJ&hash=item3b4a9b2e40:g:ddUAAeSwpOVoX4oo&itmprp=enc%3AAQAKAAAA4FkggFvd1GGDu0w3yXCmi1egHleKGDsV3nzfHM97y%2FvDdQ68da%2FiNznboHrh0rlpLWtR2tlw8usIlmipvhuAsMi6ML8cZWhcFUKgmv7Bzf5TdUQQvL%2Bhz%2FCH%2FVue9DZp1XI6HAB8v%2BYA396G2kZMqry2WW86gZvYJfUKseEkk8M1irLDFRW%2FwPPYyA3sq1TdKN0wX0xFtTl7YTIkHfeUoQVtZEMlYeBjiWyVR%2F%2BuJ0JMOrhjNqP38uo3e88L6zmdE87GUyR6n6zYiyoS2sQQ8bHQ1JuJGGI7TQK%2Fc4CC23O9%7Ctkp%3ABFBMzJHChfpl  Good - Refurbished ¡¤ HP      NaN  discountcomputerdepot (132,451) 98.7%  Located in United States         NaN
4  HP EliteBook 14" FHD Laptop AMD Ryzen 5 4.2GHz 16GB RAM 256GB SSD Windows 11 Pro  $281.07        https://www.ebay.com/itm/256496543516?_skw=laptop&itmmeta=01JZ85GH2C4T66K205E4XZQBTF&hash=item3bb862a71c:g:mJkAAOSwAQFoQk5c&itmprp=enc%3AAQAKAAAA4FkggFvd1GGDu0w3yXCmi1d3o97uDKize%2FM5ozv1GLw7ItGAi0FCKbe3SeAm7zuvXL%2Bx4TFgfRX1MnXfLblF6KEyaOq12ikhA%2BNvA2lpiU1AzujQUmONQk22WxlzZtv%2BWBAPZ2qreqAqYzD7vvuOaQeoi5OfMuYu%2F6ZQdvT1pOwQEkoJMecEjQbWEvTNNKVlbyCdFH7UetVpPgMJTMbb6BXeNIhtmWmTqKv3w%2BMiTtxAf3wjNr6Yl8dq2yFlngxUw2RT2CPkHaZxSWSVGLNdVl3%2BznecHCkWwWaodpQQ7U33%7Ctkp%3ABFBMzJHChfpl  Good - Refurbished ¡¤ HP      NaN  discountcomputerdepot (132,451) 98.7%  Located in United States         NaN
2025-07-03 19:12:12,478 - INFO - Cleaning price data
2025-07-03 19:12:12,479 - WARNING - Failed to clean price '239.00 to 349.00': could not convert string to float: '239.00 to 349.00'
2025-07-03 19:12:12,479 - WARNING - Failed to clean price '210.98 to 446.24': could not convert string to float: '210.98 to 446.24'
2025-07-03 19:12:12,480 - WARNING - Failed to clean price '239.99 to 567.00': could not convert string to float: '239.99 to 567.00'
2025-07-03 19:12:12,480 - WARNING - Failed to clean price '200.58 to 353.58': could not convert string to float: '200.58 to 353.58'
2025-07-03 19:12:12,481 - WARNING - Failed to clean price '399.00 to 629.00': could not convert string to float: '399.00 to 629.00'
2025-07-03 19:12:12,481 - WARNING - Failed to clean price '299.00 to 499.00': could not convert string to float: '299.00 to 499.00'
2025-07-03 19:12:12,481 - WARNING - Failed to clean price '389.99 to 810.00': could not convert string to float: '389.99 to 810.00'
2025-07-03 19:12:12,482 - WARNING - Failed to clean price '679.00 to 879.00': could not convert string to float: '679.00 to 879.00'
2025-07-03 19:12:12,482 - WARNING - Failed to clean price '459.00 to 719.00': could not convert string to float: '459.00 to 719.00'
2025-07-03 19:12:12,483 - WARNING - Failed to clean price '439.00 to 629.00': could not convert string to float: '439.00 to 629.00'
2025-07-03 19:12:12,483 - WARNING - Failed to clean price '349.99 to 744.00': could not convert string to float: '349.99 to 744.00'
2025-07-03 19:12:12,484 - WARNING - Failed to clean price '229.00 to 349.00': could not convert string to float: '229.00 to 349.00'
2025-07-03 19:12:12,485 - WARNING - Failed to clean price '479.00 to 719.00': could not convert string to float: '479.00 to 719.00'
2025-07-03 19:12:12,486 - WARNING - Failed to clean price '210.98 to 442.03': could not convert string to float: '210.98 to 442.03'
2025-07-03 19:12:12,487 - WARNING - Failed to clean price '419.00 to 619.00': could not convert string to float: '419.00 to 619.00'
2025-07-03 19:12:12,488 - WARNING - Failed to clean price '659.00 to 799.00': could not convert string to float: '659.00 to 799.00'
2025-07-03 19:12:12,489 - WARNING - Failed to clean price '269.00 to 499.00': could not convert string to float: '269.00 to 499.00'
2025-07-03 19:12:12,490 - WARNING - Failed to clean price '349.99 to 729.00': could not convert string to float: '349.99 to 729.00'
2025-07-03 19:12:12,490 - WARNING - Failed to clean price '369.00 to 629.00': could not convert string to float: '369.00 to 629.00'
2025-07-03 19:12:12,491 - WARNING - Failed to clean price '118.99 to 153.99': could not convert string to float: '118.99 to 153.99'
2025-07-03 19:12:12,492 - WARNING - Failed to clean price '1976.72 to 2231.78': could not convert string to float: '1976.72 to 2231.78'
2025-07-03 19:12:12,492 - WARNING - Failed to clean price '449.00 to 689.00': could not convert string to float: '449.00 to 689.00'
2025-07-03 19:12:12,493 - WARNING - Failed to clean price '364.65 to 517.65': could not convert string to float: '364.65 to 517.65'
2025-07-03 19:12:12,493 - WARNING - Failed to clean price '449.99 to 775.00': could not convert string to float: '449.99 to 775.00'
2025-07-03 19:12:12,494 - WARNING - Failed to clean price '439.00 to 719.00': could not convert string to float: '439.00 to 719.00'
2025-07-03 19:12:12,495 - WARNING - Failed to clean price '459.00 to 669.00': could not convert string to float: '459.00 to 669.00'
2025-07-03 19:12:12,496 - WARNING - Failed to clean price '459.00 to 579.00': could not convert string to float: '459.00 to 579.00'
2025-07-03 19:12:12,496 - WARNING - Failed to clean price '419.00 to 589.00': could not convert string to float: '419.00 to 589.00'
2025-07-03 19:12:12,497 - WARNING - Failed to clean price '369.00 to 629.00': could not convert string to float: '369.00 to 629.00'
2025-07-03 19:12:12,497 - WARNING - Failed to clean price '210.98 to 442.03': could not convert string to float: '210.98 to 442.03'
2025-07-03 19:12:12,498 - WARNING - Failed to clean price '258.80 to 274.00': could not convert string to float: '258.80 to 274.00'
2025-07-03 19:12:12,498 - WARNING - Failed to clean price '399.00 to 589.00': could not convert string to float: '399.00 to 589.00'
2025-07-03 19:12:12,499 - WARNING - Failed to clean price '449.99 to 775.00': could not convert string to float: '449.99 to 775.00'
2025-07-03 19:12:12,500 - WARNING - Failed to clean price '239.00 to 359.00': could not convert string to float: '239.00 to 359.00'
2025-07-03 19:12:12,500 - WARNING - Failed to clean price '419.00 to 599.00': could not convert string to float: '419.00 to 599.00'
2025-07-03 19:12:12,501 - WARNING - Failed to clean price '349.00 to 509.00': could not convert string to float: '349.00 to 509.00'
2025-07-03 19:12:12,501 - WARNING - Failed to clean price '229.00 to 279.00': could not convert string to float: '229.00 to 279.00'
2025-07-03 19:12:12,502 - WARNING - Failed to clean price '349.99 to 729.00': could not convert string to float: '349.99 to 729.00'
2025-07-03 19:12:12,502 - WARNING - Failed to clean price '269.00 to 299.00': could not convert string to float: '269.00 to 299.00'
2025-07-03 19:12:12,504 - WARNING - Failed to clean price '155.99 to 229.49': could not convert string to float: '155.99 to 229.49'
2025-07-03 19:12:12,505 - WARNING - Failed to clean price '189.99 to 514.00': could not convert string to float: '189.99 to 514.00'
2025-07-03 19:12:12,506 - WARNING - Failed to clean price '339.99 to 737.00': could not convert string to float: '339.99 to 737.00'
2025-07-03 19:12:12,507 - WARNING - Failed to clean price '199.99 to 289.99': could not convert string to float: '199.99 to 289.99'
2025-07-03 19:12:12,507 - WARNING - Failed to clean price '1976.72 to 2231.78': could not convert string to float: '1976.72 to 2231.78'
2025-07-03 19:12:12,508 - WARNING - Failed to clean price '449.99 to 803.00': could not convert string to float: '449.99 to 803.00'
2025-07-03 19:12:12,508 - WARNING - Failed to clean price '319.00 to 529.00': could not convert string to float: '319.00 to 529.00'
2025-07-03 19:12:12,509 - WARNING - Failed to clean price '899.00 to 1599.00': could not convert string to float: '899.00 to 1599.00'
2025-07-03 19:12:12,509 - WARNING - Failed to clean price '153.99 to 314.99': could not convert string to float: '153.99 to 314.99'
2025-07-03 19:12:12,510 - WARNING - Failed to clean price '850.00 to 1320.00': could not convert string to float: '850.00 to 1320.00'
2025-07-03 19:12:12,510 - WARNING - Failed to clean price '429.00 to 619.00': could not convert string to float: '429.00 to 619.00'
2025-07-03 19:12:12,510 - WARNING - Failed to clean price '379.99 to 744.00': could not convert string to float: '379.99 to 744.00'
2025-07-03 19:12:12,511 - WARNING - Failed to clean price '299.00 to 489.00': could not convert string to float: '299.00 to 489.00'
2025-07-03 19:12:12,511 - WARNING - Failed to clean price '349.00 to 579.00': could not convert string to float: '349.00 to 579.00'
2025-07-03 19:12:12,512 - WARNING - Failed to clean price '559.00 to 769.00': could not convert string to float: '559.00 to 769.00'
2025-07-03 19:12:12,512 - WARNING - Failed to clean price '419.00 to 739.00': could not convert string to float: '419.00 to 739.00'
2025-07-03 19:12:12,513 - WARNING - Failed to clean price '329.00 to 479.00': could not convert string to float: '329.00 to 479.00'
2025-07-03 19:12:12,513 - WARNING - Failed to clean price '299.00 to 449.00': could not convert string to float: '299.00 to 449.00'
2025-07-03 19:12:12,514 - WARNING - Failed to clean price '435.99 to 669.99': could not convert string to float: '435.99 to 669.99'
2025-07-03 19:12:12,514 - WARNING - Failed to clean price '329.00 to 569.00': could not convert string to float: '329.00 to 569.00'
2025-07-03 19:12:12,515 - WARNING - Failed to clean price '299.00 to 539.00': could not convert string to float: '299.00 to 539.00'
2025-07-03 19:12:12,516 - WARNING - Failed to clean price '299.00 to 449.00': could not convert string to float: '299.00 to 449.00'
2025-07-03 19:12:12,517 - WARNING - Failed to clean price '329.00 to 529.00': could not convert string to float: '329.00 to 529.00'
2025-07-03 19:12:12,517 - WARNING - Failed to clean price '499.00 to 679.00': could not convert string to float: '499.00 to 679.00'
2025-07-03 19:12:12,518 - WARNING - Failed to clean price '289.00 to 389.00': could not convert string to float: '289.00 to 389.00'
2025-07-03 19:12:12,519 - WARNING - Failed to clean price '849.95 to 999.95': could not convert string to float: '849.95 to 999.95'
2025-07-03 19:12:12,520 - WARNING - Failed to clean price '359.00 to 549.00': could not convert string to float: '359.00 to 549.00'
2025-07-03 19:12:12,521 - WARNING - Failed to clean price '459.99 to 739.99': could not convert string to float: '459.99 to 739.99'
2025-07-03 19:12:12,522 - WARNING - Failed to clean price '379.00 to 549.00': could not convert string to float: '379.00 to 549.00'
2025-07-03 19:12:12,522 - WARNING - Failed to clean price '299.00 to 529.00': could not convert string to float: '299.00 to 529.00'
2025-07-03 19:12:12,523 - WARNING - Failed to clean price '215.99 to 272.99': could not convert string to float: '215.99 to 272.99'
2025-07-03 19:12:12,524 - WARNING - Failed to clean price '399.00 to 519.00': could not convert string to float: '399.00 to 519.00'
2025-07-03 19:12:12,524 - WARNING - Failed to clean price '299.00 to 410.00': could not convert string to float: '299.00 to 410.00'
2025-07-03 19:12:12,525 - WARNING - Failed to clean price '691.40 to 871.90': could not convert string to float: '691.40 to 871.90'
2025-07-03 19:12:12,525 - WARNING - Failed to clean price '849.95 to 999.95': could not convert string to float: '849.95 to 999.95'
2025-07-03 19:12:12,526 - WARNING - Failed to clean price '229.00 to 299.00': could not convert string to float: '229.00 to 299.00'
2025-07-03 19:12:12,526 - WARNING - Failed to clean price '399.00 to 479.99': could not convert string to float: '399.00 to 479.99'
2025-07-03 19:12:12,527 - WARNING - Failed to clean price '449.99 to 719.99': could not convert string to float: '449.99 to 719.99'
2025-07-03 19:12:12,527 - WARNING - Failed to clean price '382.00 to 402.00': could not convert string to float: '382.00 to 402.00'
2025-07-03 19:12:12,527 - WARNING - Failed to clean price '399.00 to 589.00': could not convert string to float: '399.00 to 589.00'
2025-07-03 19:12:12,528 - WARNING - Failed to clean price '299.00 to 369.00': could not convert string to float: '299.00 to 369.00'
2025-07-03 19:12:12,528 - WARNING - Failed to clean price '599.00 to 719.00': could not convert string to float: '599.00 to 719.00'
2025-07-03 19:12:12,529 - WARNING - Failed to clean price '4808.38 to 5758.19': could not convert string to float: '4808.38 to 5758.19'
2025-07-03 19:12:12,529 - WARNING - Failed to clean price '359.00 to 509.00': could not convert string to float: '359.00 to 509.00'
2025-07-03 19:12:12,530 - WARNING - Failed to clean price '309.99 to 509.99': could not convert string to float: '309.99 to 509.99'
2025-07-03 19:12:12,530 - WARNING - Failed to clean price '499.00 to 749.00': could not convert string to float: '499.00 to 749.00'
2025-07-03 19:12:12,531 - WARNING - Failed to clean price '379.00 to 629.00': could not convert string to float: '379.00 to 629.00'
2025-07-03 19:12:12,531 - WARNING - Failed to clean price '10.54 to 10.80': could not convert string to float: '10.54 to 10.80'
2025-07-03 19:12:12,531 - WARNING - Failed to clean price '299.00 to 409.00': could not convert string to float: '299.00 to 409.00'
2025-07-03 19:12:12,532 - WARNING - Failed to clean price '529.00 to 639.00': could not convert string to float: '529.00 to 639.00'
2025-07-03 19:12:12,532 - WARNING - Failed to clean price '689.99 to 979.99': could not convert string to float: '689.99 to 979.99'
2025-07-03 19:12:12,533 - WARNING - Failed to clean price '199.00 to 299.00': could not convert string to float: '199.00 to 299.00'
2025-07-03 19:12:12,533 - WARNING - Failed to clean price '599.00 to 799.00': could not convert string to float: '599.00 to 799.00'
2025-07-03 19:12:12,533 - WARNING - Failed to clean price '459.00 to 549.00': could not convert string to float: '459.00 to 549.00'
2025-07-03 19:12:12,534 - WARNING - Failed to clean price '529.00 to 639.00': could not convert string to float: '529.00 to 639.00'
2025-07-03 19:12:12,534 - WARNING - Failed to clean price '359.00 to 509.00': could not convert string to float: '359.00 to 509.00'
2025-07-03 19:12:12,535 - WARNING - Failed to clean price '299.99 to 695.00': could not convert string to float: '299.99 to 695.00'
2025-07-03 19:12:12,535 - WARNING - Failed to clean price '274.51 to 319.98': could not convert string to float: '274.51 to 319.98'
2025-07-03 19:12:12,535 - WARNING - Failed to clean price '349.00 to 509.00': could not convert string to float: '349.00 to 509.00'
2025-07-03 19:12:12,535 - WARNING - Failed to clean price '698.00 to 949.00': could not convert string to float: '698.00 to 949.00'
2025-07-03 19:12:12,536 - WARNING - Failed to clean price '190.00 to 300.00': could not convert string to float: '190.00 to 300.00'
2025-07-03 19:12:12,537 - WARNING - Failed to clean price '274.51 to 319.98': could not convert string to float: '274.51 to 319.98'
2025-07-03 19:12:12,537 - WARNING - Failed to clean price '459.00 to 719.00': could not convert string to float: '459.00 to 719.00'
2025-07-03 19:12:12,538 - WARNING - Failed to clean price '459.99 to 739.99': could not convert string to float: '459.99 to 739.99'
2025-07-03 19:12:12,538 - WARNING - Failed to clean price '489.00 to 699.00': could not convert string to float: '489.00 to 699.00'
2025-07-03 19:12:12,539 - WARNING - Failed to clean price '199.99 to 219.00': could not convert string to float: '199.99 to 219.00'
2025-07-03 19:12:12,539 - WARNING - Failed to clean price '479.99 to 569.99': could not convert string to float: '479.99 to 569.99'
2025-07-03 19:12:12,540 - WARNING - Failed to clean price '459.00 to 659.00': could not convert string to float: '459.00 to 659.00'
2025-07-03 19:12:12,541 - WARNING - Failed to clean price '211.99 to 291.99': could not convert string to float: '211.99 to 291.99'
2025-07-03 19:12:12,542 - WARNING - Failed to clean price '599.00 to 849.00': could not convert string to float: '599.00 to 849.00'
2025-07-03 19:12:12,543 - WARNING - Failed to clean price '689.00 to 1059.00': could not convert string to float: '689.00 to 1059.00'
2025-07-03 19:12:12,543 - WARNING - Failed to clean price '299.00 to 379.00': could not convert string to float: '299.00 to 379.00'
2025-07-03 19:12:12,543 - WARNING - Failed to clean price '479.00 to 719.00': could not convert string to float: '479.00 to 719.00'
2025-07-03 19:12:12,544 - WARNING - Failed to clean price '599.00 to 949.00': could not convert string to float: '599.00 to 949.00'
2025-07-03 19:12:12,544 - WARNING - Failed to clean price '179.99 to 209.99': could not convert string to float: '179.99 to 209.99'
2025-07-03 19:12:12,544 - WARNING - Failed to clean price '429.00 to 659.00': could not convert string to float: '429.00 to 659.00'
2025-07-03 19:12:12,545 - WARNING - Failed to clean price '289.99 to 399.99': could not convert string to float: '289.99 to 399.99'
2025-07-03 19:12:12,545 - WARNING - Failed to clean price '224.99 to 274.99': could not convert string to float: '224.99 to 274.99'
2025-07-03 19:12:12,545 - WARNING - Failed to clean price '739.00 to 929.00': could not convert string to float: '739.00 to 929.00'
2025-07-03 19:12:12,546 - WARNING - Failed to clean price '219.99 to 279.99': could not convert string to float: '219.99 to 279.99'
2025-07-03 19:12:12,546 - WARNING - Failed to clean price '179.99 to 209.99': could not convert string to float: '179.99 to 209.99'
2025-07-03 19:12:12,547 - WARNING - Failed to clean price '349.00 to 469.00': could not convert string to float: '349.00 to 469.00'
2025-07-03 19:12:12,547 - WARNING - Failed to clean price '849.96 to 1299.96': could not convert string to float: '849.96 to 1299.96'
2025-07-03 19:12:12,547 - WARNING - Failed to clean price '94.20 to 186.74': could not convert string to float: '94.20 to 186.74'
2025-07-03 19:12:12,547 - WARNING - Failed to clean price '189.00 to 199.00': could not convert string to float: '189.00 to 199.00'
2025-07-03 19:12:12,548 - WARNING - Failed to clean price '739.00 to 929.00': could not convert string to float: '739.00 to 929.00'
2025-07-03 19:12:12,548 - WARNING - Failed to clean price '287.58 to 317.58': could not convert string to float: '287.58 to 317.58'
2025-07-03 19:12:12,548 - WARNING - Failed to clean price '289.99 to 612.99': could not convert string to float: '289.99 to 612.99'
2025-07-03 19:12:12,548 - WARNING - Failed to clean price '287.58 to 317.58': could not convert string to float: '287.58 to 317.58'
2025-07-03 19:12:12,549 - WARNING - Failed to clean price '569.00 to 799.00': could not convert string to float: '569.00 to 799.00'
2025-07-03 19:12:12,549 - WARNING - Failed to clean price '94.20 to 186.74': could not convert string to float: '94.20 to 186.74'
2025-07-03 19:12:12,549 - WARNING - Failed to clean price '239.98 to 624.98': could not convert string to float: '239.98 to 624.98'
2025-07-03 19:12:12,550 - WARNING - Failed to clean price '579.99 to 829.99': could not convert string to float: '579.99 to 829.99'
2025-07-03 19:12:12,550 - WARNING - Failed to clean price '615.40 to 873.99': could not convert string to float: '615.40 to 873.99'
2025-07-03 19:12:12,550 - WARNING - Failed to clean price '615.40 to 873.99': could not convert string to float: '615.40 to 873.99'
2025-07-03 19:12:12,551 - WARNING - Failed to clean price '691.40 to 871.90': could not convert string to float: '691.40 to 871.90'
2025-07-03 19:12:12,551 - WARNING - Failed to clean price '274.99 to 445.99': could not convert string to float: '274.99 to 445.99'
2025-07-03 19:12:12,552 - WARNING - Failed to clean price '449.00 to 649.00': could not convert string to float: '449.00 to 649.00'
2025-07-03 19:12:12,552 - WARNING - Failed to clean price '499.00 to 539.00': could not convert string to float: '499.00 to 539.00'
2025-07-03 19:12:12,553 - WARNING - Failed to clean price '559.00 to 749.00': could not convert string to float: '559.00 to 749.00'
2025-07-03 19:12:12,553 - WARNING - Failed to clean price '252.99 to 333.99': could not convert string to float: '252.99 to 333.99'
2025-07-03 19:12:12,554 - WARNING - Failed to clean price '600.00 to 1100.00': could not convert string to float: '600.00 to 1100.00'
2025-07-03 19:12:12,555 - WARNING - Failed to clean price '718.00 to 1460.00': could not convert string to float: '718.00 to 1460.00'
2025-07-03 19:12:12,556 - WARNING - Failed to clean price '349.00 to 689.00': could not convert string to float: '349.00 to 689.00'
2025-07-03 19:12:12,557 - WARNING - Failed to clean price '179.99 to 335.99': could not convert string to float: '179.99 to 335.99'
2025-07-03 19:12:12,557 - WARNING - Failed to clean price '241.46 to 400.00': could not convert string to float: '241.46 to 400.00'
2025-07-03 19:12:12,558 - WARNING - Failed to clean price '252.99 to 333.99': could not convert string to float: '252.99 to 333.99'
2025-07-03 19:12:12,558 - WARNING - Failed to clean price '399.00 to 549.00': could not convert string to float: '399.00 to 549.00'
2025-07-03 19:12:12,558 - WARNING - Failed to clean price '469.00 to 739.00': could not convert string to float: '469.00 to 739.00'
2025-07-03 19:12:12,558 - WARNING - Failed to clean price '459.00 to 659.00': could not convert string to float: '459.00 to 659.00'
2025-07-03 19:12:12,559 - WARNING - Failed to clean price '42.86 to 125.54': could not convert string to float: '42.86 to 125.54'
2025-07-03 19:12:12,559 - WARNING - Failed to clean price '600.00 to 1100.00': could not convert string to float: '600.00 to 1100.00'
2025-07-03 19:12:12,559 - WARNING - Failed to clean price '599.00 to 789.00': could not convert string to float: '599.00 to 789.00'
2025-07-03 19:12:12,560 - WARNING - Failed to clean price '229.99 to 334.99': could not convert string to float: '229.99 to 334.99'
2025-07-03 19:12:12,560 - WARNING - Failed to clean price '529.99 to 799.99': could not convert string to float: '529.99 to 799.99'
2025-07-03 19:12:12,560 - WARNING - Failed to clean price '689.00 to 1059.00': could not convert string to float: '689.00 to 1059.00'
2025-07-03 19:12:12,561 - WARNING - Failed to clean price '519.00 to 799.00': could not convert string to float: '519.00 to 799.00'
2025-07-03 19:12:12,561 - WARNING - Failed to clean price '679.00 to 799.00': could not convert string to float: '679.00 to 799.00'
2025-07-03 19:12:12,561 - WARNING - Failed to clean price '479.00 to 699.00': could not convert string to float: '479.00 to 699.00'
2025-07-03 19:12:12,562 - WARNING - Failed to clean price '475.99 to 689.99': could not convert string to float: '475.99 to 689.99'
2025-07-03 19:12:12,562 - WARNING - Failed to clean price '459.00 to 589.00': could not convert string to float: '459.00 to 589.00'
2025-07-03 19:12:12,562 - WARNING - Failed to clean price '529.99 to 799.99': could not convert string to float: '529.99 to 799.99'
2025-07-03 19:12:12,562 - WARNING - Failed to clean price '749.00 to 999.00': could not convert string to float: '749.00 to 999.00'
2025-07-03 19:12:12,563 - WARNING - Failed to clean price '239.99 to 319.99': could not convert string to float: '239.99 to 319.99'
2025-07-03 19:12:12,563 - WARNING - Failed to clean price '749.00 to 999.00': could not convert string to float: '749.00 to 999.00'
2025-07-03 19:12:12,563 - WARNING - Failed to clean price '299.00 to 359.00': could not convert string to float: '299.00 to 359.00'
2025-07-03 19:12:12,563 - WARNING - Failed to clean price '479.00 to 739.00': could not convert string to float: '479.00 to 739.00'
2025-07-03 19:12:12,564 - WARNING - Failed to clean price '274.69 to 409.69': could not convert string to float: '274.69 to 409.69'
2025-07-03 19:12:12,564 - WARNING - Failed to clean price '729.99 to 932.99': could not convert string to float: '729.99 to 932.99'
2025-07-03 19:12:12,564 - WARNING - Failed to clean price '499.00 to 679.00': could not convert string to float: '499.00 to 679.00'
2025-07-03 19:12:12,565 - WARNING - Failed to clean price '475.99 to 689.99': could not convert string to float: '475.99 to 689.99'
2025-07-03 19:12:12,565 - WARNING - Failed to clean price '315.99 to 575.99': could not convert string to float: '315.99 to 575.99'
2025-07-03 19:12:12,566 - WARNING - Failed to clean price '429.00 to 679.00': could not convert string to float: '429.00 to 679.00'
2025-07-03 19:12:12,566 - WARNING - Failed to clean price '369.99 to 599.99': could not convert string to float: '369.99 to 599.99'
2025-07-03 19:12:12,566 - WARNING - Failed to clean price '274.69 to 409.69': could not convert string to float: '274.69 to 409.69'
2025-07-03 19:12:12,567 - WARNING - Failed to clean price '409.00 to 639.00': could not convert string to float: '409.00 to 639.00'
2025-07-03 19:12:12,567 - WARNING - Failed to clean price '299.99 to 419.99': could not convert string to float: '299.99 to 419.99'
2025-07-03 19:12:12,567 - WARNING - Failed to clean price '329.99 to 735.00': could not convert string to float: '329.99 to 735.00'
2025-07-03 19:12:12,568 - WARNING - Failed to clean price '274.69 to 409.69': could not convert string to float: '274.69 to 409.69'
2025-07-03 19:12:12,568 - WARNING - Failed to clean price '349.00 to 449.00': could not convert string to float: '349.00 to 449.00'
2025-07-03 19:12:12,569 - WARNING - Failed to clean price '349.00 to 449.00': could not convert string to float: '349.00 to 449.00'
2025-07-03 19:12:12,570 - WARNING - Failed to clean price '35.32 to 85.98': could not convert string to float: '35.32 to 85.98'
2025-07-03 19:12:12,571 - WARNING - Failed to clean price '794.49 to 889.99': could not convert string to float: '794.49 to 889.99'
2025-07-03 19:12:12,572 - WARNING - Failed to clean price '599.00 to 799.00': could not convert string to float: '599.00 to 799.00'
2025-07-03 19:12:12,573 - WARNING - Failed to clean price '459.00 to 579.00': could not convert string to float: '459.00 to 579.00'
2025-07-03 19:12:12,574 - WARNING - Failed to clean price '52.62 to 153.44': could not convert string to float: '52.62 to 153.44'
2025-07-03 19:12:12,574 - WARNING - Failed to clean price '794.49 to 889.99': could not convert string to float: '794.49 to 889.99'
2025-07-03 19:12:12,574 - WARNING - Failed to clean price '319.99 to 695.00': could not convert string to float: '319.99 to 695.00'
2025-07-03 19:12:12,575 - WARNING - Failed to clean price '224.69 to 369.69': could not convert string to float: '224.69 to 369.69'
2025-07-03 19:12:12,575 - WARNING - Failed to clean price '599.00 to 799.00': could not convert string to float: '599.00 to 799.00'
2025-07-03 19:12:12,575 - WARNING - Failed to clean price '619.00 to 849.00': could not convert string to float: '619.00 to 849.00'
2025-07-03 19:12:12,575 - WARNING - Failed to clean price '1726.42 to 2200.32': could not convert string to float: '1726.42 to 2200.32'
2025-07-03 19:12:12,576 - WARNING - Failed to clean price '185.99 to 219.99': could not convert string to float: '185.99 to 219.99'
2025-07-03 19:12:12,576 - WARNING - Failed to clean price '589.00 to 849.00': could not convert string to float: '589.00 to 849.00'
2025-07-03 19:12:12,576 - WARNING - Failed to clean price '589.00 to 849.00': could not convert string to float: '589.00 to 849.00'
2025-07-03 19:12:12,577 - WARNING - Failed to clean price '10.54 to 10.80': could not convert string to float: '10.54 to 10.80'
2025-07-03 19:12:12,577 - WARNING - Failed to clean price '439.00 to 549.00': could not convert string to float: '439.00 to 549.00'
2025-07-03 19:12:12,577 - WARNING - Failed to clean price '185.99 to 219.99': could not convert string to float: '185.99 to 219.99'
2025-07-03 19:12:12,578 - WARNING - Failed to clean price '625.68 to 925.78': could not convert string to float: '625.68 to 925.78'
2025-07-03 19:12:12,578 - WARNING - Failed to clean price '579.99 to 889.99': could not convert string to float: '579.99 to 889.99'
2025-07-03 19:12:12,579 - WARNING - Failed to clean price '499.00 to 759.00': could not convert string to float: '499.00 to 759.00'
2025-07-03 19:12:12,579 - WARNING - Failed to clean price '95.43 to 166.67': could not convert string to float: '95.43 to 166.67'
2025-07-03 19:12:12,579 - WARNING - Failed to clean price '120.58 to 153.48': could not convert string to float: '120.58 to 153.48'
2025-07-03 19:12:12,580 - WARNING - Failed to clean price '499.00 to 759.00': could not convert string to float: '499.00 to 759.00'
2025-07-03 19:12:12,580 - WARNING - Failed to clean price '109.84 to 178.63': could not convert string to float: '109.84 to 178.63'
2025-07-03 19:12:12,581 - WARNING - Failed to clean price '153.99 to 160.99': could not convert string to float: '153.99 to 160.99'
2025-07-03 19:12:12,581 - WARNING - Failed to clean price '136.75 to 172.38': could not convert string to float: '136.75 to 172.38'
2025-07-03 19:12:12,582 - WARNING - Failed to clean price '949.00 to 2079.00': could not convert string to float: '949.00 to 2079.00'
2025-07-03 19:12:12,582 - WARNING - Failed to clean price '949.00 to 2079.00': could not convert string to float: '949.00 to 2079.00'
2025-07-03 19:12:12,583 - WARNING - Failed to clean price '145.46 to 212.77': could not convert string to float: '145.46 to 212.77'
2025-07-03 19:12:12,583 - WARNING - Failed to clean price '329.99 to 379.99': could not convert string to float: '329.99 to 379.99'
2025-07-03 19:12:12,583 - WARNING - Failed to clean price '639.99 to 744.99': could not convert string to float: '639.99 to 744.99'
2025-07-03 19:12:12,584 - WARNING - Failed to clean price '669.00 to 889.00': could not convert string to float: '669.00 to 889.00'
2025-07-03 19:12:12,585 - WARNING - Failed to clean price '238.31 to 766.08': could not convert string to float: '238.31 to 766.08'
2025-07-03 19:12:12,585 - WARNING - Failed to clean price '319.69 to 499.69': could not convert string to float: '319.69 to 499.69'
2025-07-03 19:12:12,586 - WARNING - Failed to clean price '38.76 to 102.99': could not convert string to float: '38.76 to 102.99'
2025-07-03 19:12:12,586 - WARNING - Failed to clean price '888.00 to 1285.00': could not convert string to float: '888.00 to 1285.00'
2025-07-03 19:12:12,587 - WARNING - Failed to clean price '38.76 to 102.99': could not convert string to float: '38.76 to 102.99'
2025-07-03 19:12:12,587 - WARNING - Failed to clean price '319.69 to 499.69': could not convert string to float: '319.69 to 499.69'
2025-07-03 19:12:12,588 - WARNING - Failed to clean price '259.99 to 319.99': could not convert string to float: '259.99 to 319.99'
2025-07-03 19:12:12,589 - WARNING - Failed to clean price '529.00 to 749.00': could not convert string to float: '529.00 to 749.00'
2025-07-03 19:12:12,589 - WARNING - Failed to clean price '529.99 to 879.99': could not convert string to float: '529.99 to 879.99'
2025-07-03 19:12:12,590 - WARNING - Failed to clean price '399.99 to 769.99': could not convert string to float: '399.99 to 769.99'
2025-07-03 19:12:12,590 - WARNING - Failed to clean price '489.99 to 739.99': could not convert string to float: '489.99 to 739.99'
2025-07-03 19:12:12,590 - WARNING - Failed to clean price '375.99 to 435.99': could not convert string to float: '375.99 to 435.99'
2025-07-03 19:12:12,591 - WARNING - Failed to clean price '699.81 to 854.99': could not convert string to float: '699.81 to 854.99'
2025-07-03 19:12:12,591 - WARNING - Failed to clean price '538.00 to 1368.00': could not convert string to float: '538.00 to 1368.00'
2025-07-03 19:12:12,592 - WARNING - Failed to clean price '399.99 to 769.99': could not convert string to float: '399.99 to 769.99'
2025-07-03 19:12:12,592 - WARNING - Failed to clean price '699.81 to 854.99': could not convert string to float: '699.81 to 854.99'
2025-07-03 19:12:12,593 - WARNING - Failed to clean price '529.00 to 749.00': could not convert string to float: '529.00 to 749.00'
2025-07-03 19:12:12,593 - WARNING - Failed to clean price '329.00 to 999.00': could not convert string to float: '329.00 to 999.00'
2025-07-03 19:12:12,594 - WARNING - Failed to clean price '489.99 to 739.99': could not convert string to float: '489.99 to 739.99'
2025-07-03 19:12:12,594 - WARNING - Failed to clean price '24.44 to 28.49': could not convert string to float: '24.44 to 28.49'
2025-07-03 19:12:12,594 - WARNING - Failed to clean price '799.00 to 1449.00': could not convert string to float: '799.00 to 1449.00'
2025-07-03 19:12:12,595 - WARNING - Failed to clean price '488.00 to 1322.00': could not convert string to float: '488.00 to 1322.00'
2025-07-03 19:12:12,595 - WARNING - Failed to clean price '210.98 to 295.98': could not convert string to float: '210.98 to 295.98'
2025-07-03 19:12:12,596 - WARNING - Failed to clean price '489.99 to 514.99': could not convert string to float: '489.99 to 514.99'
2025-07-03 19:12:12,596 - WARNING - Failed to clean price '121.74 to 161.11': could not convert string to float: '121.74 to 161.11'
2025-07-03 19:12:12,596 - WARNING - Failed to clean price '121.74 to 161.11': could not convert string to float: '121.74 to 161.11'
2025-07-03 19:12:12,597 - WARNING - Failed to clean price '106.75 to 234.31': could not convert string to float: '106.75 to 234.31'
2025-07-03 19:12:12,597 - WARNING - Failed to clean price '279.00 to 329.00': could not convert string to float: '279.00 to 329.00'
2025-07-03 19:12:12,598 - WARNING - Failed to clean price '101.30 to 127.69': could not convert string to float: '101.30 to 127.69'
2025-07-03 19:12:12,598 - WARNING - Failed to clean price '649.00 to 799.00': could not convert string to float: '649.00 to 799.00'
2025-07-03 19:12:12,598 - WARNING - Failed to clean price '274.69 to 424.69': could not convert string to float: '274.69 to 424.69'
2025-07-03 19:12:12,598 - WARNING - Failed to clean price '275.99 to 349.99': could not convert string to float: '275.99 to 349.99'
2025-07-03 19:12:12,599 - WARNING - Failed to clean price '37.80 to 78.68': could not convert string to float: '37.80 to 78.68'
2025-07-03 19:12:12,599 - WARNING - Failed to clean price '177.48 to 197.32': could not convert string to float: '177.48 to 197.32'
2025-07-03 19:12:12,599 - WARNING - Failed to clean price '399.00 to 499.00': could not convert string to float: '399.00 to 499.00'
2025-07-03 19:12:12,600 - WARNING - Failed to clean price '245.99 to 299.99': could not convert string to float: '245.99 to 299.99'
2025-07-03 19:12:12,600 - WARNING - Failed to clean price '244.69 to 399.69': could not convert string to float: '244.69 to 399.69'
2025-07-03 19:12:12,600 - WARNING - Failed to clean price '589.99 to 899.99': could not convert string to float: '589.99 to 899.99'
2025-07-03 19:12:12,601 - WARNING - Failed to clean price '219.99 to 249.99': could not convert string to float: '219.99 to 249.99'
2025-07-03 19:12:12,601 - WARNING - Failed to clean price '219.99 to 249.99': could not convert string to float: '219.99 to 249.99'
2025-07-03 19:12:12,601 - WARNING - Failed to clean price '274.69 to 424.69': could not convert string to float: '274.69 to 424.69'
2025-07-03 19:12:12,602 - WARNING - Failed to clean price '184.99 to 289.99': could not convert string to float: '184.99 to 289.99'
2025-07-03 19:12:12,602 - WARNING - Failed to clean price '649.00 to 799.00': could not convert string to float: '649.00 to 799.00'
2025-07-03 19:12:12,603 - WARNING - Failed to clean price '299.00 to 419.00': could not convert string to float: '299.00 to 419.00'
2025-07-03 19:12:12,603 - WARNING - Failed to clean price '429.99 to 769.99': could not convert string to float: '429.99 to 769.99'
2025-07-03 19:12:12,604 - WARNING - Failed to clean price '219.69 to 369.69': could not convert string to float: '219.69 to 369.69'
2025-07-03 19:12:12,605 - WARNING - Failed to clean price '343.99 to 605.99': could not convert string to float: '343.99 to 605.99'
2025-07-03 19:12:12,606 - WARNING - Failed to clean price '117.40 to 173.31': could not convert string to float: '117.40 to 173.31'
2025-07-03 19:12:12,607 - WARNING - Failed to clean price '890.00 to 1150.00': could not convert string to float: '890.00 to 1150.00'
2025-07-03 19:12:12,607 - WARNING - Failed to clean price '559.99 to 835.99': could not convert string to float: '559.99 to 835.99'
2025-07-03 19:12:12,608 - WARNING - Failed to clean price '997.49 to 1106.27': could not convert string to float: '997.49 to 1106.27'
2025-07-03 19:12:12,608 - WARNING - Failed to clean price '229.90 to 239.99': could not convert string to float: '229.90 to 239.99'
2025-07-03 19:12:12,608 - WARNING - Failed to clean price '149.69 to 274.69': could not convert string to float: '149.69 to 274.69'
2025-07-03 19:12:12,609 - WARNING - Failed to clean price '215.99 to 278.99': could not convert string to float: '215.99 to 278.99'
2025-07-03 19:12:12,609 - WARNING - Failed to clean price '949.99 to 1239.99': could not convert string to float: '949.99 to 1239.99'
2025-07-03 19:12:12,610 - WARNING - Failed to clean price '229.90 to 239.99': could not convert string to float: '229.90 to 239.99'
2025-07-03 19:12:12,610 - WARNING - Failed to clean price '117.33 to 334.79': could not convert string to float: '117.33 to 334.79'
2025-07-03 19:12:12,611 - WARNING - Failed to clean price '579.00 to 849.00': could not convert string to float: '579.00 to 849.00'
2025-07-03 19:12:12,611 - WARNING - Failed to clean price '489.99 to 775.99': could not convert string to float: '489.99 to 775.99'
2025-07-03 19:12:12,611 - WARNING - Failed to clean price '69.95 to 109.95': could not convert string to float: '69.95 to 109.95'
2025-07-03 19:12:12,611 - WARNING - Failed to clean price '244.69 to 399.69': could not convert string to float: '244.69 to 399.69'
2025-07-03 19:12:12,612 - WARNING - Failed to clean price '359.99 to 499.99': could not convert string to float: '359.99 to 499.99'
2025-07-03 19:12:12,612 - WARNING - Failed to clean price '541.49 to 683.99': could not convert string to float: '541.49 to 683.99'
2025-07-03 19:12:12,612 - WARNING - Failed to clean price '539.99 to 919.99': could not convert string to float: '539.99 to 919.99'
2025-07-03 19:12:12,613 - WARNING - Failed to clean price '449.99 to 569.99': could not convert string to float: '449.99 to 569.99'
2025-07-03 19:12:12,613 - WARNING - Failed to clean price '370.63 to 437.05': could not convert string to float: '370.63 to 437.05'
2025-07-03 19:12:12,613 - WARNING - Failed to clean price '399.99 to 599.99': could not convert string to float: '399.99 to 599.99'
2025-07-03 19:12:12,614 - WARNING - Failed to clean price '699.00 to 949.00': could not convert string to float: '699.00 to 949.00'
2025-07-03 19:12:12,614 - WARNING - Failed to clean price '449.99 to 569.99': could not convert string to float: '449.99 to 569.99'
2025-07-03 19:12:12,614 - WARNING - Failed to clean price '245.99 to 289.99': could not convert string to float: '245.99 to 289.99'
2025-07-03 19:12:12,615 - WARNING - Failed to clean price '349.00 to 529.00': could not convert string to float: '349.00 to 529.00'
2025-07-03 19:12:12,615 - WARNING - Failed to clean price '259.00 to 319.00': could not convert string to float: '259.00 to 319.00'
2025-07-03 19:12:12,615 - WARNING - Failed to clean price '214.99 to 319.99': could not convert string to float: '214.99 to 319.99'
2025-07-03 19:12:12,615 - WARNING - Failed to clean price '159.69 to 284.69': could not convert string to float: '159.69 to 284.69'
2025-07-03 19:12:12,616 - WARNING - Failed to clean price '284.99 to 389.99': could not convert string to float: '284.99 to 389.99'
2025-07-03 19:12:12,616 - WARNING - Failed to clean price '539.00 to 759.00': could not convert string to float: '539.00 to 759.00'
2025-07-03 19:12:12,616 - WARNING - Failed to clean price '889.99 to 1219.99': could not convert string to float: '889.99 to 1219.99'
2025-07-03 19:12:12,616 - WARNING - Failed to clean price '349.00 to 559.00': could not convert string to float: '349.00 to 559.00'
2025-07-03 19:12:12,617 - WARNING - Failed to clean price '159.69 to 284.69': could not convert string to float: '159.69 to 284.69'
2025-07-03 19:12:12,617 - WARNING - Failed to clean price '679.00 to 759.00': could not convert string to float: '679.00 to 759.00'
2025-07-03 19:12:12,617 - WARNING - Failed to clean price '314.99 to 419.99': could not convert string to float: '314.99 to 419.99'
2025-07-03 19:12:12,618 - WARNING - Failed to clean price '462.99 to 689.99': could not convert string to float: '462.99 to 689.99'
2025-07-03 19:12:12,618 - WARNING - Failed to clean price '149.69 to 274.69': could not convert string to float: '149.69 to 274.69'
2025-07-03 19:12:12,619 - WARNING - Failed to clean price '210.99 to 255.99': could not convert string to float: '210.99 to 255.99'
2025-07-03 19:12:12,619 - WARNING - Failed to clean price '903.77 to 1216.61': could not convert string to float: '903.77 to 1216.61'
2025-07-03 19:12:12,619 - WARNING - Failed to clean price '699.00 to 949.00': could not convert string to float: '699.00 to 949.00'
2025-07-03 19:12:12,620 - WARNING - Failed to clean price '259.00 to 319.00': could not convert string to float: '259.00 to 319.00'
2025-07-03 19:12:12,620 - WARNING - Failed to clean price '889.99 to 1219.99': could not convert string to float: '889.99 to 1219.99'
2025-07-03 19:12:12,621 - WARNING - Failed to clean price '719.99 to 1019.99': could not convert string to float: '719.99 to 1019.99'
2025-07-03 19:12:12,622 - WARNING - Failed to clean price '499.00 to 719.00': could not convert string to float: '499.00 to 719.00'
2025-07-03 19:12:12,623 - WARNING - Failed to clean price '499.00 to 719.00': could not convert string to float: '499.00 to 719.00'
2025-07-03 19:12:12,624 - WARNING - Failed to clean price '210.99 to 255.99': could not convert string to float: '210.99 to 255.99'
2025-07-03 19:12:12,624 - WARNING - Failed to clean price '779.00 to 979.00': could not convert string to float: '779.00 to 979.00'
2025-07-03 19:12:12,624 - WARNING - Failed to clean price '779.00 to 979.00': could not convert string to float: '779.00 to 979.00'
2025-07-03 19:12:12,625 - WARNING - Failed to clean price '443.34 to 453.34': could not convert string to float: '443.34 to 453.34'
2025-07-03 19:12:12,625 - WARNING - Failed to clean price '549.00 to 759.00': could not convert string to float: '549.00 to 759.00'
2025-07-03 19:12:12,625 - WARNING - Failed to clean price '298.00 to 318.00': could not convert string to float: '298.00 to 318.00'
2025-07-03 19:12:12,626 - WARNING - Failed to clean price '549.00 to 719.00': could not convert string to float: '549.00 to 719.00'
2025-07-03 19:12:12,626 - WARNING - Failed to clean price '259.99 to 299.99': could not convert string to float: '259.99 to 299.99'
2025-07-03 19:12:12,626 - WARNING - Failed to clean price '159.69 to 284.69': could not convert string to float: '159.69 to 284.69'
2025-07-03 19:12:12,627 - WARNING - Failed to clean price '245.99 to 289.99': could not convert string to float: '245.99 to 289.99'
2025-07-03 19:12:12,627 - WARNING - Failed to clean price '109.84 to 179.98': could not convert string to float: '109.84 to 179.98'
2025-07-03 19:12:12,627 - WARNING - Failed to clean price '619.99 to 859.99': could not convert string to float: '619.99 to 859.99'
2025-07-03 19:12:12,628 - WARNING - Failed to clean price '229.00 to 259.00': could not convert string to float: '229.00 to 259.00'
2025-07-03 19:12:12,629 - WARNING - Failed to clean price '109.84 to 179.98': could not convert string to float: '109.84 to 179.98'
2025-07-03 19:12:12,629 - WARNING - Failed to clean price '569.99 to 949.99': could not convert string to float: '569.99 to 949.99'
2025-07-03 19:12:12,629 - WARNING - Failed to clean price '247.99 to 327.99': could not convert string to float: '247.99 to 327.99'
2025-07-03 19:12:12,630 - WARNING - Failed to clean price '244.69 to 379.69': could not convert string to float: '244.69 to 379.69'
2025-07-03 19:12:12,630 - WARNING - Failed to clean price '499.00 to 719.00': could not convert string to float: '499.00 to 719.00'
2025-07-03 19:12:12,631 - WARNING - Failed to clean price '259.99 to 329.99': could not convert string to float: '259.99 to 329.99'
2025-07-03 19:12:12,631 - WARNING - Failed to clean price '299.99 to 499.99': could not convert string to float: '299.99 to 499.99'
2025-07-03 19:12:12,631 - WARNING - Failed to clean price '469.00 to 729.00': could not convert string to float: '469.00 to 729.00'
2025-07-03 19:12:12,632 - WARNING - Failed to clean price '688.00 to 949.00': could not convert string to float: '688.00 to 949.00'
2025-07-03 19:12:12,632 - WARNING - Failed to clean price '569.99 to 949.99': could not convert string to float: '569.99 to 949.99'
2025-07-03 19:12:12,632 - WARNING - Failed to clean price '369.99 to 394.99': could not convert string to float: '369.99 to 394.99'
2025-07-03 19:12:12,633 - WARNING - Failed to clean price '299.99 to 499.99': could not convert string to float: '299.99 to 499.99'
2025-07-03 19:12:12,633 - WARNING - Failed to clean price '134.99 to 209.99': could not convert string to float: '134.99 to 209.99'
2025-07-03 19:12:12,634 - WARNING - Failed to clean price '117.40 to 173.31': could not convert string to float: '117.40 to 173.31'
2025-07-03 19:12:12,634 - WARNING - Failed to clean price '244.69 to 379.69': could not convert string to float: '244.69 to 379.69'
2025-07-03 19:12:12,635 - WARNING - Failed to clean price '229.00 to 259.00': could not convert string to float: '229.00 to 259.00'
2025-07-03 19:12:12,635 - WARNING - Failed to clean price '539.00 to 759.00': could not convert string to float: '539.00 to 759.00'
2025-07-03 19:12:12,636 - WARNING - Failed to clean price '174.69 to 324.69': could not convert string to float: '174.69 to 324.69'
2025-07-03 19:12:12,641 - INFO - Valid price_numeric entries: 9666
2025-07-03 19:12:12,651 - INFO - After price cleaning, DataFrame has 9666 rows
2025-07-03 19:12:12,651 - INFO - Generating average price by location plot
2025-07-03 19:12:13,472 - INFO - Successfully saved price trend plot to visualizations\price_trend.png (size: 35508 bytes)
2025-07-03 19:12:13,472 - INFO - Cleaning rating data
2025-07-03 19:12:19,597 - INFO - Valid rating_numeric entries: 6195
2025-07-03 19:12:19,598 - INFO - Generating rating distribution plot
2025-07-03 19:12:20,034 - INFO - Successfully saved rating distribution plot to visualizations\rating_distribution.png (size: 18877 bytes)
2025-07-03 19:12:20,034 - INFO - Visualization completed successfully
2025-07-03 19:12:20,038 - INFO - Program completed successfully
